2020-11-13 16:23:41.282  INFO 29332 --- [restartedMain] com.example.demo.DemoApplication         : Starting DemoApplication on DESKTOP-H2JSNG9 with PID 29332 (D:\java\idea\demo\target\classes started by ASUS in D:\java\idea\demo)
2020-11-13 16:23:41.285  INFO 29332 --- [restartedMain] com.example.demo.DemoApplication         : No active profile set, falling back to default profiles: default
2020-11-13 16:23:41.343  INFO 29332 --- [restartedMain] .e.DevToolsPropertyDefaultsPostProcessor : Devtools property defaults active! Set 'spring.devtools.add-properties' to 'false' to disable
2020-11-13 16:23:41.343  INFO 29332 --- [restartedMain] .e.DevToolsPropertyDefaultsPostProcessor : For additional web related logging consider setting the 'logging.level.web' property to 'DEBUG'
2020-11-13 16:23:42.626  INFO 29332 --- [restartedMain] o.s.b.w.embedded.tomcat.TomcatWebServer  : Tomcat initialized with port(s): 8080 (http)
2020-11-13 16:23:42.634  INFO 29332 --- [restartedMain] o.apache.catalina.core.StandardService   : Starting service [Tomcat]
2020-11-13 16:23:42.635  INFO 29332 --- [restartedMain] org.apache.catalina.core.StandardEngine  : Starting Servlet engine: [Apache Tomcat/9.0.38]
2020-11-13 16:23:42.637  INFO 29332 --- [restartedMain] o.a.catalina.core.AprLifecycleListener   : An older version [1.2.17] of the Apache Tomcat Native library is installed, while Tomcat recommends a minimum version of [1.2.23]
2020-11-13 16:23:42.638  INFO 29332 --- [restartedMain] o.a.catalina.core.AprLifecycleListener   : Loaded Apache Tomcat Native library [1.2.17] using APR version [1.6.3].
2020-11-13 16:23:42.638  INFO 29332 --- [restartedMain] o.a.catalina.core.AprLifecycleListener   : APR capabilities: IPv6 [true], sendfile [true], accept filters [false], random [true].
2020-11-13 16:23:42.638  INFO 29332 --- [restartedMain] o.a.catalina.core.AprLifecycleListener   : APR/OpenSSL configuration: useAprConnector [false], useOpenSSL [true]
2020-11-13 16:23:43.719  INFO 29332 --- [restartedMain] o.a.catalina.core.AprLifecycleListener   : OpenSSL successfully initialized [OpenSSL 1.0.2o  27 Mar 2018]
2020-11-13 16:23:43.933  INFO 29332 --- [restartedMain] org.apache.jasper.servlet.TldScanner     : At least one JAR was scanned for TLDs yet contained no TLDs. Enable debug logging for this logger for a complete list of JARs that were scanned but no TLDs were found in them. Skipping unneeded JARs during scanning can improve startup time and JSP compilation time.
2020-11-13 16:23:43.937  INFO 29332 --- [restartedMain] o.a.c.c.C.[Tomcat].[localhost].[/demo]   : Initializing Spring embedded WebApplicationContext
2020-11-13 16:23:43.937  INFO 29332 --- [restartedMain] w.s.c.ServletWebServerApplicationContext : Root WebApplicationContext: initialization completed in 2562 ms
2020-11-13 16:23:44.521  INFO 29332 --- [restartedMain] pertySourcedRequestMappingHandlerMapping : Mapped URL path [/v2/api-docs] onto method [springfox.documentation.swagger2.web.Swagger2Controller#getDocumentation(String, HttpServletRequest)]
2020-11-13 16:23:44.595  INFO 29332 --- [restartedMain] o.s.s.concurrent.ThreadPoolTaskExecutor  : Initializing ExecutorService 'applicationTaskExecutor'
2020-11-13 16:23:44.623  INFO 29332 --- [restartedMain] o.s.b.d.a.OptionalLiveReloadServer       : LiveReload server is running on port 35729
2020-11-13 16:23:44.777  INFO 29332 --- [restartedMain] o.s.b.w.embedded.tomcat.TomcatWebServer  : Tomcat started on port(s): 8080 (http) with context path '/demo'
2020-11-13 16:23:44.778  INFO 29332 --- [restartedMain] d.s.w.p.DocumentationPluginsBootstrapper : Context refreshed
2020-11-13 16:23:44.792  INFO 29332 --- [restartedMain] d.s.w.p.DocumentationPluginsBootstrapper : Found 1 custom documentation plugin(s)
2020-11-13 16:23:44.817  INFO 29332 --- [restartedMain] s.d.s.w.s.ApiListingReferenceScanner     : Scanning for api listing references
2020-11-13 16:23:44.959  INFO 29332 --- [restartedMain] com.example.demo.DemoApplication         : Started DemoApplication in 4.206 seconds (JVM running for 5.069)
2020-11-13 16:25:51.940  INFO 29332 --- [Thread-13] o.s.s.concurrent.ThreadPoolTaskExecutor  : Shutting down ExecutorService 'applicationTaskExecutor'
