2020-11-13 16:25:52.135  INFO 29332 --- [restartedMain] com.example.demo.DemoApplication         : Starting DemoApplication on DESKTOP-H2JSNG9 with PID 29332 (D:\java\idea\demo\target\classes started by ASUS in D:\java\idea\demo)
2020-11-13 16:25:52.136  INFO 29332 --- [restartedMain] com.example.demo.DemoApplication         : No active profile set, falling back to default profiles: default
2020-11-13 16:25:52.475  INFO 29332 --- [restartedMain] o.s.b.w.embedded.tomcat.TomcatWebServer  : Tomcat initialized with port(s): 8080 (http)
2020-11-13 16:25:52.475  INFO 29332 --- [restartedMain] o.apache.catalina.core.StandardService   : Starting service [Tomcat]
2020-11-13 16:25:52.476  INFO 29332 --- [restartedMain] org.apache.catalina.core.StandardEngine  : Starting Servlet engine: [Apache Tomcat/9.0.38]
2020-11-13 16:25:52.476  INFO 29332 --- [restartedMain] o.a.catalina.core.AprLifecycleListener   : An older version [1.2.17] of the Apache Tomcat Native library is installed, while Tomcat recommends a minimum version of [1.2.23]
2020-11-13 16:25:52.477  INFO 29332 --- [restartedMain] o.a.catalina.core.AprLifecycleListener   : Loaded Apache Tomcat Native library [1.2.17] using APR version [1.6.3].
2020-11-13 16:25:52.477  INFO 29332 --- [restartedMain] o.a.catalina.core.AprLifecycleListener   : APR capabilities: IPv6 [true], sendfile [true], accept filters [false], random [true].
2020-11-13 16:25:52.477  INFO 29332 --- [restartedMain] o.a.catalina.core.AprLifecycleListener   : APR/OpenSSL configuration: useAprConnector [false], useOpenSSL [true]
2020-11-13 16:25:52.477  INFO 29332 --- [restartedMain] o.a.catalina.core.AprLifecycleListener   : OpenSSL successfully initialized [OpenSSL 1.0.2o  27 Mar 2018]
2020-11-13 16:25:52.559  INFO 29332 --- [restartedMain] org.apache.jasper.servlet.TldScanner     : At least one JAR was scanned for TLDs yet contained no TLDs. Enable debug logging for this logger for a complete list of JARs that were scanned but no TLDs were found in them. Skipping unneeded JARs during scanning can improve startup time and JSP compilation time.
2020-11-13 16:25:52.561  INFO 29332 --- [restartedMain] o.a.c.c.C.[Tomcat].[localhost].[/demo]   : Initializing Spring embedded WebApplicationContext
2020-11-13 16:25:52.561  INFO 29332 --- [restartedMain] w.s.c.ServletWebServerApplicationContext : Root WebApplicationContext: initialization completed in 421 ms
2020-11-13 16:25:52.704  INFO 29332 --- [restartedMain] pertySourcedRequestMappingHandlerMapping : Mapped URL path [/v2/api-docs] onto method [springfox.documentation.swagger2.web.Swagger2Controller#getDocumentation(String, HttpServletRequest)]
2020-11-13 16:25:52.738  INFO 29332 --- [restartedMain] o.s.s.concurrent.ThreadPoolTaskExecutor  : Initializing ExecutorService 'applicationTaskExecutor'
2020-11-13 16:25:52.748  INFO 29332 --- [restartedMain] o.s.b.d.a.OptionalLiveReloadServer       : LiveReload server is running on port 35729
2020-11-13 16:25:52.826  INFO 29332 --- [restartedMain] o.s.b.w.embedded.tomcat.TomcatWebServer  : Tomcat started on port(s): 8080 (http) with context path '/demo'
2020-11-13 16:25:52.826  INFO 29332 --- [restartedMain] d.s.w.p.DocumentationPluginsBootstrapper : Context refreshed
2020-11-13 16:25:52.827  INFO 29332 --- [restartedMain] d.s.w.p.DocumentationPluginsBootstrapper : Found 1 custom documentation plugin(s)
2020-11-13 16:25:52.832  INFO 29332 --- [restartedMain] s.d.s.w.s.ApiListingReferenceScanner     : Scanning for api listing references
2020-11-13 16:25:52.859  INFO 29332 --- [restartedMain] com.example.demo.DemoApplication         : Started DemoApplication in 0.769 seconds (JVM running for 132.969)
2020-11-13 16:25:52.861  INFO 29332 --- [restartedMain] .ConditionEvaluationDeltaLoggingListener : Condition evaluation unchanged
2020-11-13 16:26:07.321  INFO 44500 --- [restartedMain] com.example.demo.DemoApplication         : Starting DemoApplication on DESKTOP-H2JSNG9 with PID 44500 (D:\java\idea\demo\target\classes started by ASUS in D:\java\idea\demo)
2020-11-13 16:26:07.324  INFO 44500 --- [restartedMain] com.example.demo.DemoApplication         : No active profile set, falling back to default profiles: default
2020-11-13 16:26:07.386  INFO 44500 --- [restartedMain] .e.DevToolsPropertyDefaultsPostProcessor : Devtools property defaults active! Set 'spring.devtools.add-properties' to 'false' to disable
2020-11-13 16:26:07.386  INFO 44500 --- [restartedMain] .e.DevToolsPropertyDefaultsPostProcessor : For additional web related logging consider setting the 'logging.level.web' property to 'DEBUG'
2020-11-13 16:26:08.613  INFO 44500 --- [restartedMain] o.s.b.w.embedded.tomcat.TomcatWebServer  : Tomcat initialized with port(s): 8080 (http)
2020-11-13 16:26:08.622  INFO 44500 --- [restartedMain] o.apache.catalina.core.StandardService   : Starting service [Tomcat]
2020-11-13 16:26:08.622  INFO 44500 --- [restartedMain] org.apache.catalina.core.StandardEngine  : Starting Servlet engine: [Apache Tomcat/9.0.38]
2020-11-13 16:26:08.624  INFO 44500 --- [restartedMain] o.a.catalina.core.AprLifecycleListener   : An older version [1.2.17] of the Apache Tomcat Native library is installed, while Tomcat recommends a minimum version of [1.2.23]
2020-11-13 16:26:08.624  INFO 44500 --- [restartedMain] o.a.catalina.core.AprLifecycleListener   : Loaded Apache Tomcat Native library [1.2.17] using APR version [1.6.3].
2020-11-13 16:26:08.625  INFO 44500 --- [restartedMain] o.a.catalina.core.AprLifecycleListener   : APR capabilities: IPv6 [true], sendfile [true], accept filters [false], random [true].
2020-11-13 16:26:08.625  INFO 44500 --- [restartedMain] o.a.catalina.core.AprLifecycleListener   : APR/OpenSSL configuration: useAprConnector [false], useOpenSSL [true]
2020-11-13 16:26:09.720  INFO 44500 --- [restartedMain] o.a.catalina.core.AprLifecycleListener   : OpenSSL successfully initialized [OpenSSL 1.0.2o  27 Mar 2018]
2020-11-13 16:26:09.978  INFO 44500 --- [restartedMain] org.apache.jasper.servlet.TldScanner     : At least one JAR was scanned for TLDs yet contained no TLDs. Enable debug logging for this logger for a complete list of JARs that were scanned but no TLDs were found in them. Skipping unneeded JARs during scanning can improve startup time and JSP compilation time.
2020-11-13 16:26:09.982  INFO 44500 --- [restartedMain] o.a.c.c.C.[Tomcat].[localhost].[/demo]   : Initializing Spring embedded WebApplicationContext
2020-11-13 16:26:09.982  INFO 44500 --- [restartedMain] w.s.c.ServletWebServerApplicationContext : Root WebApplicationContext: initialization completed in 2595 ms
2020-11-13 16:26:10.647  INFO 44500 --- [restartedMain] pertySourcedRequestMappingHandlerMapping : Mapped URL path [/v2/api-docs] onto method [springfox.documentation.swagger2.web.Swagger2Controller#getDocumentation(String, HttpServletRequest)]
2020-11-13 16:26:10.742  INFO 44500 --- [restartedMain] o.s.s.concurrent.ThreadPoolTaskExecutor  : Initializing ExecutorService 'applicationTaskExecutor'
2020-11-13 16:26:10.772  INFO 44500 --- [restartedMain] o.s.b.d.a.OptionalLiveReloadServer       : LiveReload server is running on port 35729
2020-11-13 16:26:10.944  INFO 44500 --- [restartedMain] o.s.b.w.embedded.tomcat.TomcatWebServer  : Tomcat started on port(s): 8080 (http) with context path '/demo'
2020-11-13 16:26:10.945  INFO 44500 --- [restartedMain] d.s.w.p.DocumentationPluginsBootstrapper : Context refreshed
2020-11-13 16:26:10.960  INFO 44500 --- [restartedMain] d.s.w.p.DocumentationPluginsBootstrapper : Found 1 custom documentation plugin(s)
2020-11-13 16:26:10.986  INFO 44500 --- [restartedMain] s.d.s.w.s.ApiListingReferenceScanner     : Scanning for api listing references
2020-11-13 16:26:11.121  INFO 44500 --- [restartedMain] com.example.demo.DemoApplication         : Started DemoApplication in 4.256 seconds (JVM running for 5.096)
2020-11-13 16:27:21.031  INFO 44500 --- [Thread-13] o.s.s.concurrent.ThreadPoolTaskExecutor  : Shutting down ExecutorService 'applicationTaskExecutor'
2020-11-13 16:27:21.189  INFO 44500 --- [restartedMain] com.example.demo.DemoApplication         : Starting DemoApplication on DESKTOP-H2JSNG9 with PID 44500 (D:\java\idea\demo\target\classes started by ASUS in D:\java\idea\demo)
2020-11-13 16:27:21.189  INFO 44500 --- [restartedMain] com.example.demo.DemoApplication         : No active profile set, falling back to default profiles: default
2020-11-13 16:27:21.510  INFO 44500 --- [restartedMain] o.s.b.w.embedded.tomcat.TomcatWebServer  : Tomcat initialized with port(s): 8080 (http)
2020-11-13 16:27:21.511  INFO 44500 --- [restartedMain] o.apache.catalina.core.StandardService   : Starting service [Tomcat]
2020-11-13 16:27:21.511  INFO 44500 --- [restartedMain] org.apache.catalina.core.StandardEngine  : Starting Servlet engine: [Apache Tomcat/9.0.38]
2020-11-13 16:27:21.511  INFO 44500 --- [restartedMain] o.a.catalina.core.AprLifecycleListener   : An older version [1.2.17] of the Apache Tomcat Native library is installed, while Tomcat recommends a minimum version of [1.2.23]
2020-11-13 16:27:21.511  INFO 44500 --- [restartedMain] o.a.catalina.core.AprLifecycleListener   : Loaded Apache Tomcat Native library [1.2.17] using APR version [1.6.3].
2020-11-13 16:27:21.512  INFO 44500 --- [restartedMain] o.a.catalina.core.AprLifecycleListener   : APR capabilities: IPv6 [true], sendfile [true], accept filters [false], random [true].
2020-11-13 16:27:21.512  INFO 44500 --- [restartedMain] o.a.catalina.core.AprLifecycleListener   : APR/OpenSSL configuration: useAprConnector [false], useOpenSSL [true]
2020-11-13 16:27:21.512  INFO 44500 --- [restartedMain] o.a.catalina.core.AprLifecycleListener   : OpenSSL successfully initialized [OpenSSL 1.0.2o  27 Mar 2018]
2020-11-13 16:27:21.586  INFO 44500 --- [restartedMain] org.apache.jasper.servlet.TldScanner     : At least one JAR was scanned for TLDs yet contained no TLDs. Enable debug logging for this logger for a complete list of JARs that were scanned but no TLDs were found in them. Skipping unneeded JARs during scanning can improve startup time and JSP compilation time.
2020-11-13 16:27:21.588  INFO 44500 --- [restartedMain] o.a.c.c.C.[Tomcat].[localhost].[/demo]   : Initializing Spring embedded WebApplicationContext
2020-11-13 16:27:21.588  INFO 44500 --- [restartedMain] w.s.c.ServletWebServerApplicationContext : Root WebApplicationContext: initialization completed in 396 ms
2020-11-13 16:27:21.712  INFO 44500 --- [restartedMain] pertySourcedRequestMappingHandlerMapping : Mapped URL path [/v2/api-docs] onto method [springfox.documentation.swagger2.web.Swagger2Controller#getDocumentation(String, HttpServletRequest)]
2020-11-13 16:27:21.746  INFO 44500 --- [restartedMain] o.s.s.concurrent.ThreadPoolTaskExecutor  : Initializing ExecutorService 'applicationTaskExecutor'
2020-11-13 16:27:21.750  INFO 44500 --- [restartedMain] o.s.b.d.a.OptionalLiveReloadServer       : LiveReload server is running on port 35729
2020-11-13 16:27:21.821  INFO 44500 --- [restartedMain] o.s.b.w.embedded.tomcat.TomcatWebServer  : Tomcat started on port(s): 8080 (http) with context path '/demo'
2020-11-13 16:27:21.822  INFO 44500 --- [restartedMain] d.s.w.p.DocumentationPluginsBootstrapper : Context refreshed
2020-11-13 16:27:21.822  INFO 44500 --- [restartedMain] d.s.w.p.DocumentationPluginsBootstrapper : Found 1 custom documentation plugin(s)
2020-11-13 16:27:21.828  INFO 44500 --- [restartedMain] s.d.s.w.s.ApiListingReferenceScanner     : Scanning for api listing references
2020-11-13 16:27:21.856  INFO 44500 --- [restartedMain] com.example.demo.DemoApplication         : Started DemoApplication in 0.692 seconds (JVM running for 75.831)
2020-11-13 16:27:21.857  INFO 44500 --- [restartedMain] .ConditionEvaluationDeltaLoggingListener : Condition evaluation unchanged
